Using pre-set license

 COMMAND LINE ARGUMENTS:
/Applications/Unity/2020.3.13f1/Unity.app/Contents/MacOS/Unity
-adb2
-batchMode
-noUpm
-name
AssetImportWorker0
-projectPath
/Users/k_k_mac_mini_m1/3dgame/take1/Fairy Garden
-logFile
Logs/AssetImportWorker0.log
-srvPort
57620
Successfully changed project path to: /Users/k_k_mac_mini_m1/3dgame/take1/Fairy Garden
/Users/k_k_mac_mini_m1/3dgame/take1/Fairy Garden
Using Asset Import Pipeline V2.
Refreshing native plugins compatible for Editor in 46.93 ms, found 2 plugins.
Preloading 0 native plugins for Editor in 0.00 ms.
Initialize engine version: 2020.3.13f1 (71691879b7f5)
[Subsystems] Discovering subsystems at path /Applications/Unity/2020.3.13f1/Unity.app/Contents/Resources/UnitySubsystems
[Subsystems] Discovering subsystems at path /Users/k_k_mac_mini_m1/3dgame/take1/Fairy Garden/Assets
GfxDevice: creating device client; threaded=0
2021-07-13 17:21:22.987 Unity[14268:665219] (null) preferred device: Apple M1 (high power)
2021-07-13 17:21:22.987 Unity[14268:665219] Metal devices available: 1
2021-07-13 17:21:22.987 Unity[14268:665219] 0: Apple M1 (high power)
2021-07-13 17:21:22.992 Unity[14268:665219] Using device Apple M1 (high power)
Initializing Metal device caps: Apple M1
Initialize mono
Mono path[0] = '/Applications/Unity/2020.3.13f1/Unity.app/Contents/Managed'
Mono path[1] = '/Applications/Unity/2020.3.13f1/Unity.app/Contents/MonoBleedingEdge/lib/mono/unityjit'
Mono config path = '/Applications/Unity/2020.3.13f1/Unity.app/Contents/MonoBleedingEdge/etc'
Using monoOptions --debugger-agent=transport=dt_socket,embedding=1,server=y,suspend=n,address=127.0.0.1:56268
Begin MonoManager ReloadAssembly
Registering precompiled unity dll's ...
Register platform support module: /Applications/Unity/2020.3.13f1/PlaybackEngines/WebGLSupport/UnityEditor.WebGL.Extensions.dll
Register platform support module: /Applications/Unity/2020.3.13f1/Unity.app/Contents/PlaybackEngines/MacStandaloneSupport/UnityEditor.OSXStandalone.Extensions.dll
Registered in 0.001859 seconds.
Native extension for OSXStandalone target not found
Native extension for WebGL target not found
Refreshing native plugins compatible for Editor in 47.46 ms, found 2 plugins.
Preloading 0 native plugins for Editor in 0.00 ms.
Mono: successfully reloaded assembly
- Completed reload, in  3.024 seconds
Platform modules already initialized, skipping
Registering precompiled user dll's ...
Registered in 0.003542 seconds.
Begin MonoManager ReloadAssembly
Native extension for OSXStandalone target not found
Native extension for WebGL target not found
Refreshing native plugins compatible for Editor in 48.26 ms, found 2 plugins.
Preloading 0 native plugins for Editor in 0.00 ms.
Mono: successfully reloaded assembly
- Completed reload, in  2.392 seconds
Platform modules already initialized, skipping
========================================================================
Worker process is ready to serve import requests
Launching external process: /Applications/Unity/2020.3.13f1/Unity.app/Contents/Tools/UnityShaderCompiler
Launched and connected shader compiler UnityShaderCompiler after 0.05 seconds
Refreshing native plugins compatible for Editor in 0.47 ms, found 2 plugins.
Preloading 0 native plugins for Editor in 0.00 ms.
Unloading 2121 Unused Serialized files (Serialized files now loaded: 0)
System memory in use before: 201.5 MB.
System memory in use after: 201.1 MB.

Unloading 23 unused Assets to reduce memory usage. Loaded Objects now: 2576.
Total: 4.020167 ms (FindLiveObjects: 0.236750 ms CreateObjectMapping: 0.045125 ms MarkObjects: 3.283542 ms  DeleteObjects: 0.452125 ms)

AssetImportParameters requested are different than current active one (requested -> active):
  custom:video-decoder-ogg-theora: a1e56fd34408186e4bbccfd4996cb3dc -> 
  custom:container-muxer-webm: aa71ff27fc2769a1b78a27578f13a17b -> 
  custom:container-demuxer-webm: 4f35f7cbe854078d1ac9338744f61a02 -> 
  custom:container-demuxer-ogg: 62fdf1f143b41e24485cea50d1cbac27 -> 
  custom:video-encoder-webm-vp8: eb34c28f22e8b96e1ab97ce403110664 -> 
  custom:framework-osx-AVFoundation: e770b220cccbd017edd2c1fefb359320 -> 
  custom:video-decoder-webm-vp8: 9c59270c3fd7afecdb556c50c9e8de78 -> 
  custom:audio-decoder-ogg-vorbis: bf7c407c2cedff20999df2af8eb42d56 -> 
  custom:audio-encoder-webm-vorbis: bf7c407c2cedff20999df2af8eb42d56 -> 
========================================================================
Received Import Request.
  path: Assets/Scripts/GameManager.cs
  artifactKey: Guid(9ef4ef8df044d409194520659ad38c83) Importer(815301076,1909f56bfc062723c751e8b465ee728b)
Start importing Assets/Scripts/GameManager.cs using Guid(9ef4ef8df044d409194520659ad38c83) Importer(815301076,1909f56bfc062723c751e8b465ee728b)  -> (artifact id: 'f9e19c84d94f06ee37696f78bca22777') in 1.560156 seconds 
  Import took 1.563760 seconds .

========================================================================
Received Import Request.
  Time since last request: 63.033230 seconds.
  path: Assets/Scripts/GameManager.cs
  artifactKey: Guid(9ef4ef8df044d409194520659ad38c83) Importer(815301076,1909f56bfc062723c751e8b465ee728b)
Start importing Assets/Scripts/GameManager.cs using Guid(9ef4ef8df044d409194520659ad38c83) Importer(815301076,1909f56bfc062723c751e8b465ee728b)  -> (artifact id: 'cc6d813ed8004e2e34fca6c4df10eb5f') in 0.006278 seconds 
  Import took 0.011356 seconds .

========================================================================
Received Import Request.
  Time since last request: 37.735466 seconds.
  path: Assets/Scripts/DataProcessingScript.cs
  artifactKey: Guid(dfedcd01b718843ff96bebdfbbc0057d) Importer(815301076,1909f56bfc062723c751e8b465ee728b)
Start importing Assets/Scripts/DataProcessingScript.cs using Guid(dfedcd01b718843ff96bebdfbbc0057d) Importer(815301076,1909f56bfc062723c751e8b465ee728b)  -> (artifact id: 'db6789a407cef880edfa809597e9a8bf') in 0.001031 seconds 
  Import took 0.003839 seconds .

========================================================================
Received Import Request.
  Time since last request: 0.007227 seconds.
  path: Assets/Scripts/DataProcessingScript.cs
  artifactKey: Guid(dfedcd01b718843ff96bebdfbbc0057d) Importer(815301076,1909f56bfc062723c751e8b465ee728b)
Start importing Assets/Scripts/DataProcessingScript.cs using Guid(dfedcd01b718843ff96bebdfbbc0057d) Importer(815301076,1909f56bfc062723c751e8b465ee728b)  -> (artifact id: 'db6789a407cef880edfa809597e9a8bf') in 0.001057 seconds 
  Import took 0.003819 seconds .

========================================================================
Received Import Request.
  Time since last request: 1298.208922 seconds.
  path: Assets/Scenes/Stage1_Profiles/Post-process Volume Profile.asset
  artifactKey: Guid(3293789328e864500867815757290629) Importer(815301076,1909f56bfc062723c751e8b465ee728b)
Start importing Assets/Scenes/Stage1_Profiles/Post-process Volume Profile.asset using Guid(3293789328e864500867815757290629) Importer(815301076,1909f56bfc062723c751e8b465ee728b)  -> (artifact id: 'be640ca451c52c03e0c5632df1991170') in 0.597585 seconds 
  Import took 0.600778 seconds .

========================================================================
Received Import Request.
  Time since last request: 279.759662 seconds.
  path: Assets/Scripts/PauseScript.cs
  artifactKey: Guid(d9405c979e7134e44bb95cab3f708f07) Importer(815301076,1909f56bfc062723c751e8b465ee728b)
Start importing Assets/Scripts/PauseScript.cs using Guid(d9405c979e7134e44bb95cab3f708f07) Importer(815301076,1909f56bfc062723c751e8b465ee728b)  -> (artifact id: 'aebe7941adcc1619b31a2d1776ae1792') in 0.002235 seconds 
  Import took 0.004875 seconds .

========================================================================
Received Import Request.
  Time since last request: 0.002241 seconds.
  path: Assets/Scripts/PauseScript.cs
  artifactKey: Guid(d9405c979e7134e44bb95cab3f708f07) Importer(815301076,1909f56bfc062723c751e8b465ee728b)
Start importing Assets/Scripts/PauseScript.cs using Guid(d9405c979e7134e44bb95cab3f708f07) Importer(815301076,1909f56bfc062723c751e8b465ee728b)  -> (artifact id: 'aebe7941adcc1619b31a2d1776ae1792') in 0.000821 seconds 
  Import took 0.003428 seconds .

========================================================================
Received Prepare
Registering precompiled user dll's ...
Registered in 0.002328 seconds.
Begin MonoManager ReloadAssembly
Native extension for OSXStandalone target not found
Native extension for WebGL target not found
Refreshing native plugins compatible for Editor in 0.46 ms, found 2 plugins.
Preloading 0 native plugins for Editor in 0.00 ms.
Mono: successfully reloaded assembly
- Completed reload, in  2.295 seconds
Platform modules already initialized, skipping
Refreshing native plugins compatible for Editor in 0.44 ms, found 2 plugins.
Preloading 0 native plugins for Editor in 0.00 ms.
Unloading 2052 Unused Serialized files (Serialized files now loaded: 0)
System memory in use before: 204.8 MB.
System memory in use after: 204.5 MB.

Unloading 17 unused Assets to reduce memory usage. Loaded Objects now: 2578.
Total: 1.775041 ms (FindLiveObjects: 0.117084 ms CreateObjectMapping: 0.039625 ms MarkObjects: 1.262625 ms  DeleteObjects: 0.354834 ms)

AssetImportParameters requested are different than current active one (requested -> active):
  custom:video-decoder-ogg-theora: a1e56fd34408186e4bbccfd4996cb3dc -> 
  custom:container-muxer-webm: aa71ff27fc2769a1b78a27578f13a17b -> 
  custom:container-demuxer-webm: 4f35f7cbe854078d1ac9338744f61a02 -> 
  custom:container-demuxer-ogg: 62fdf1f143b41e24485cea50d1cbac27 -> 
  custom:video-encoder-webm-vp8: eb34c28f22e8b96e1ab97ce403110664 -> 
  custom:framework-osx-AVFoundation: e770b220cccbd017edd2c1fefb359320 -> 
  custom:video-decoder-webm-vp8: 9c59270c3fd7afecdb556c50c9e8de78 -> 
  custom:audio-decoder-ogg-vorbis: bf7c407c2cedff20999df2af8eb42d56 -> 
  custom:audio-encoder-webm-vorbis: bf7c407c2cedff20999df2af8eb42d56 -> 
